#
# There is insufficient memory for the Java Runtime Environment to continue.
# Native memory allocation (mmap) failed to map 65536 bytes for Failed to commit metaspace.
# Possible reasons:
#   The system is out of physical RAM or swap space
#   The process is running with CompressedOops enabled, and the Java Heap may be blocking the growth of the native heap
# Possible solutions:
#   Reduce memory load on the system
#   Increase physical memory or swap space
#   Check if swap backing store is full
#   Decrease Java heap size (-Xmx/-Xms)
#   Decrease number of Java threads
#   Decrease Java thread stack sizes (-Xss)
#   Set larger code cache with -XX:ReservedCodeCacheSize=
#   JVM is running with Unscaled Compressed Oops mode in which the Java heap is
#     placed in the first 4GB address space. The Java Heap base address is the
#     maximum limit for the native heap growth. Please use -XX:HeapBaseMinAddress
#     to set the Java Heap base and to place the Java Heap above 4GB virtual address.
# This output file may be truncated or incomplete.
#
#  Out of Memory Error (virtualSpaceNode.cpp:110), pid=3636, tid=5316
#
# JRE version: Java(TM) SE Runtime Environment (17.0.10+11) (build 17.0.10+11-LTS-240)
# Java VM: Java HotSpot(TM) 64-Bit Server VM (17.0.10+11-LTS-240, mixed mode, sharing, tiered, compressed oops, compressed class ptrs, g1 gc, windows-amd64)
# No core dump will be written. Minidumps are not enabled by default on client versions of Windows
#

---------------  S U M M A R Y ------------

Command Line: -javaagent:C:\Program Files\JetBrains\IntelliJ IDEA Community Edition 2023.3.6\lib\idea_rt.jar=9582:C:\Program Files\JetBrains\IntelliJ IDEA Community Edition 2023.3.6\bin -Dfile.encoding=UTF-8 org.example.Main

Host: AMD Athlon(tm) II X2 250 Processor, 2 cores, 3G,  Windows 10 , 64 bit Build 19041 (10.0.19041.1023)
Time: Sat Mar 23 17:09:03 2024  Windows 10 , 64 bit Build 19041 (10.0.19041.1023) elapsed time: 1.896269 seconds (0d 0h 0m 1s)

---------------  T H R E A D  ---------------

Current thread (0x000001b8d34626a0):  JavaThread "main" [_thread_in_vm, id=5316, stack(0x0000001c07d00000,0x0000001c07e00000)]

Stack: [0x0000001c07d00000,0x0000001c07e00000]
Native frames: (J=compiled Java code, j=interpreted, Vv=VM code, C=native code)
V  [jvm.dll+0x677a5a]
V  [jvm.dll+0x7d8b2d]
V  [jvm.dll+0x7da48e]
V  [jvm.dll+0x7daaf3]
V  [jvm.dll+0x2455ff]
V  [jvm.dll+0x7d483b]
V  [jvm.dll+0x61dc06]
V  [jvm.dll+0x1bfa87]
V  [jvm.dll+0x620570]
V  [jvm.dll+0x61e5c6]
V  [jvm.dll+0x23b0b7]
V  [jvm.dll+0x1e5131]
V  [jvm.dll+0x1e9d90]
V  [jvm.dll+0x1dfa01]
V  [jvm.dll+0x53d58c]
V  [jvm.dll+0x753438]
V  [jvm.dll+0x753524]
V  [jvm.dll+0x40babf]
V  [jvm.dll+0x411a89]
C  [java.dll+0x17ec]

Java frames: (J=compiled Java code, j=interpreted, Vv=VM code)
j  java.lang.ClassLoader.defineClass1(Ljava/lang/ClassLoader;Ljava/lang/String;[BIILjava/security/ProtectionDomain;Ljava/lang/String;)Ljava/lang/Class;+0 java.base@17.0.10
j  java.lang.ClassLoader.defineClass(Ljava/lang/String;[BIILjava/security/ProtectionDomain;)Ljava/lang/Class;+27 java.base@17.0.10
j  java.security.SecureClassLoader.defineClass(Ljava/lang/String;[BIILjava/security/CodeSource;)Ljava/lang/Class;+12 java.base@17.0.10
j  jdk.internal.loader.BuiltinClassLoader.defineClass(Ljava/lang/String;Ljdk/internal/loader/Resource;)Ljava/lang/Class;+117 java.base@17.0.10
J 791 c1 jdk.internal.loader.BuiltinClassLoader.findClassOnClassPathOrNull(Ljava/lang/String;)Ljava/lang/Class; java.base@17.0.10 (64 bytes) @ 0x000001b8daee18dc [0x000001b8daee0860+0x000000000000107c]
J 531 c1 jdk.internal.loader.BuiltinClassLoader.loadClassOrNull(Ljava/lang/String;Z)Ljava/lang/Class; java.base@17.0.10 (143 bytes) @ 0x000001b8dae4754c [0x000001b8dae46640+0x0000000000000f0c]
J 661 c1 jdk.internal.loader.ClassLoaders$AppClassLoader.loadClass(Ljava/lang/String;Z)Ljava/lang/Class; java.base@17.0.10 (40 bytes) @ 0x000001b8dae93604 [0x000001b8dae92fe0+0x0000000000000624]
J 655 c1 java.lang.ClassLoader.loadClass(Ljava/lang/String;)Ljava/lang/Class; java.base@17.0.10 (7 bytes) @ 0x000001b8dae912cc [0x000001b8dae911c0+0x000000000000010c]
v  ~StubRoutines::call_stub
j  java.lang.ClassLoader.defineClass1(Ljava/lang/ClassLoader;Ljava/lang/String;[BIILjava/security/ProtectionDomain;Ljava/lang/String;)Ljava/lang/Class;+0 java.base@17.0.10
j  java.lang.ClassLoader.defineClass(Ljava/lang/String;[BIILjava/security/ProtectionDomain;)Ljava/lang/Class;+27 java.base@17.0.10
j  java.security.SecureClassLoader.defineClass(Ljava/lang/String;[BIILjava/security/CodeSource;)Ljava/lang/Class;+12 java.base@17.0.10
j  jdk.internal.loader.BuiltinClassLoader.defineClass(Ljava/lang/String;Ljdk/internal/loader/Resource;)Ljava/lang/Class;+117 java.base@17.0.10
J 791 c1 jdk.internal.loader.BuiltinClassLoader.findClassOnClassPathOrNull(Ljava/lang/String;)Ljava/lang/Class; java.base@17.0.10 (64 bytes) @ 0x000001b8daee18dc [0x000001b8daee0860+0x000000000000107c]
J 531 c1 jdk.internal.loader.BuiltinClassLoader.loadClassOrNull(Ljava/lang/String;Z)Ljava/lang/Class; java.base@17.0.10 (143 bytes) @ 0x000001b8dae4754c [0x000001b8dae46640+0x0000000000000f0c]
J 661 c1 jdk.internal.loader.ClassLoaders$AppClassLoader.loadClass(Ljava/lang/String;Z)Ljava/lang/Class; java.base@17.0.10 (40 bytes) @ 0x000001b8dae93604 [0x000001b8dae92fe0+0x0000000000000624]
J 655 c1 java.lang.ClassLoader.loadClass(Ljava/lang/String;)Ljava/lang/Class; java.base@17.0.10 (7 bytes) @ 0x000001b8dae912cc [0x000001b8dae911c0+0x000000000000010c]
v  ~StubRoutines::call_stub
j  org.springframework.boot.context.logging.LoggingApplicationListener.<clinit>()V+57
v  ~StubRoutines::call_stub
j  jdk.internal.reflect.NativeConstructorAccessorImpl.newInstance0(Ljava/lang/reflect/Constructor;[Ljava/lang/Object;)Ljava/lang/Object;+0 java.base@17.0.10
j  jdk.internal.reflect.NativeConstructorAccessorImpl.newInstance([Ljava/lang/Object;)Ljava/lang/Object;+118 java.base@17.0.10
j  jdk.internal.reflect.DelegatingConstructorAccessorImpl.newInstance([Ljava/lang/Object;)Ljava/lang/Object;+5 java.base@17.0.10
j  java.lang.reflect.Constructor.newInstanceWithCaller([Ljava/lang/Object;ZLjava/lang/Class;)Ljava/lang/Object;+65 java.base@17.0.10
j  java.lang.reflect.Constructor.newInstance([Ljava/lang/Object;)Ljava/lang/Object;+30 java.base@17.0.10
j  org.springframework.core.io.support.SpringFactoriesLoader$FactoryInstantiator.instantiate(Lorg/springframework/core/io/support/SpringFactoriesLoader$ArgumentResolver;)Ljava/lang/Object;+33
j  org.springframework.core.io.support.SpringFactoriesLoader.instantiateFactory(Ljava/lang/String;Ljava/lang/Class;Lorg/springframework/core/io/support/SpringFactoriesLoader$ArgumentResolver;Lorg/springframework/core/io/support/SpringFactoriesLoader$FailureHandler;)Ljava/lang/Object;+36
j  org.springframework.core.io.support.SpringFactoriesLoader.load(Ljava/lang/Class;Lorg/springframework/core/io/support/SpringFactoriesLoader$ArgumentResolver;Lorg/springframework/core/io/support/SpringFactoriesLoader$FailureHandler;)Ljava/util/List;+99
j  org.springframework.core.io.support.SpringFactoriesLoader.load(Ljava/lang/Class;Lorg/springframework/core/io/support/SpringFactoriesLoader$ArgumentResolver;)Ljava/util/List;+4
j  org.springframework.boot.SpringApplication.getSpringFactoriesInstances(Ljava/lang/Class;Lorg/springframework/core/io/support/SpringFactoriesLoader$ArgumentResolver;)Ljava/util/List;+9
j  org.springframework.boot.SpringApplication.getSpringFactoriesInstances(Ljava/lang/Class;)Ljava/util/List;+3
j  org.springframework.boot.SpringApplication.<init>(Lorg/springframework/core/io/ResourceLoader;[Ljava/lang/Class;)V+142
j  org.springframework.boot.SpringApplication.<init>([Ljava/lang/Class;)V+3
j  org.springframework.boot.SpringApplication.run([Ljava/lang/Class;[Ljava/lang/String;)Lorg/springframework/context/ConfigurableApplicationContext;+5
j  org.springframework.boot.SpringApplication.run(Ljava/lang/Class;[Ljava/lang/String;)Lorg/springframework/context/ConfigurableApplicationContext;+9
j  org.example.Main.main([Ljava/lang/String;)V+3
v  ~StubRoutines::call_stub

---------------  P R O C E S S  ---------------

Threads class SMR info:
_java_thread_list=0x000001b8f321de80, length=13, elements={
0x000001b8d34626a0, 0x000001b8eeb2f8c0, 0x000001b8eeb32ef0, 0x000001b8eeb44270,
0x000001b8eeb44e30, 0x000001b8eeb4e0f0, 0x000001b8eeb4e6c0, 0x000001b8eeb54090,
0x000001b8eeb5a170, 0x000001b8eeb72750, 0x000001b8eeb1d470, 0x000001b8f3584fc0,
0x000001b8f35854a0
}

Java Threads: ( => current thread )
=>0x000001b8d34626a0 JavaThread "main" [_thread_in_vm, id=5316, stack(0x0000001c07d00000,0x0000001c07e00000)]
  0x000001b8eeb2f8c0 JavaThread "Reference Handler" daemon [_thread_blocked, id=5152, stack(0x0000001c08400000,0x0000001c08500000)]
  0x000001b8eeb32ef0 JavaThread "Finalizer" daemon [_thread_blocked, id=1300, stack(0x0000001c08500000,0x0000001c08600000)]
  0x000001b8eeb44270 JavaThread "Signal Dispatcher" daemon [_thread_blocked, id=1972, stack(0x0000001c08600000,0x0000001c08700000)]
  0x000001b8eeb44e30 JavaThread "Attach Listener" daemon [_thread_blocked, id=1612, stack(0x0000001c08700000,0x0000001c08800000)]
  0x000001b8eeb4e0f0 JavaThread "Service Thread" daemon [_thread_blocked, id=6632, stack(0x0000001c08800000,0x0000001c08900000)]
  0x000001b8eeb4e6c0 JavaThread "Monitor Deflation Thread" daemon [_thread_blocked, id=7140, stack(0x0000001c08900000,0x0000001c08a00000)]
  0x000001b8eeb54090 JavaThread "C2 CompilerThread0" daemon [_thread_blocked, id=5156, stack(0x0000001c08a00000,0x0000001c08b00000)]
  0x000001b8eeb5a170 JavaThread "C1 CompilerThread0" daemon [_thread_blocked, id=2032, stack(0x0000001c08b00000,0x0000001c08c00000)]
  0x000001b8eeb72750 JavaThread "Sweeper thread" daemon [_thread_blocked, id=1640, stack(0x0000001c08c00000,0x0000001c08d00000)]
  0x000001b8eeb1d470 JavaThread "Common-Cleaner" daemon [_thread_blocked, id=2144, stack(0x0000001c08d00000,0x0000001c08e00000)]
  0x000001b8f3584fc0 JavaThread "Monitor Ctrl-Break" daemon [_thread_in_native, id=5184, stack(0x0000001c08e00000,0x0000001c08f00000)]
  0x000001b8f35854a0 JavaThread "Notification Thread" daemon [_thread_blocked, id=7024, stack(0x0000001c08f00000,0x0000001c09000000)]

Other Threads:
  0x000001b8eeb2c8a0 VMThread "VM Thread" [stack: 0x0000001c08300000,0x0000001c08400000] [id=4528]
  0x000001b8d3463660 WatcherThread [stack: 0x0000001c09000000,0x0000001c09100000] [id=6040]
  0x000001b8d349d700 GCTaskThread "GC Thread#0" [stack: 0x0000001c07e00000,0x0000001c07f00000] [id=6452]
  0x000001b8f34b3940 GCTaskThread "GC Thread#1" [stack: 0x0000001c09100000,0x0000001c09200000] [id=60]
  0x000001b8d19fe200 ConcurrentGCThread "G1 Main Marker" [stack: 0x0000001c07f00000,0x0000001c08000000] [id=1152]
  0x000001b8d19fec10 ConcurrentGCThread "G1 Conc#0" [stack: 0x0000001c08000000,0x0000001c08100000] [id=6060]
  0x000001b8ee9e8fa0 ConcurrentGCThread "G1 Refine#0" [stack: 0x0000001c08100000,0x0000001c08200000] [id=4524]
  0x000001b8f3579f20 ConcurrentGCThread "G1 Refine#1" [stack: 0x0000001c09200000,0x0000001c09300000] [id=112]
  0x000001b8ee9ea9e0 ConcurrentGCThread "G1 Service" [stack: 0x0000001c08200000,0x0000001c08300000] [id=3796]

Threads with active compile tasks:

VM state: not at safepoint (normal execution)

VM Mutex/Monitor currently owned by a thread:  ([mutex/lock_event])
[0x000001b8d345c220] Metaspace_lock - owner thread: 0x000001b8d34626a0

Heap address: 0x00000000c0000000, size: 1024 MB, Compressed Oops mode: 32-bit

CDS archive(s) mapped at: [0x000001b880000000-0x000001b880bd0000-0x000001b880bd0000), size 12386304, SharedBaseAddress: 0x000001b880000000, ArchiveRelocationMode: 1.
Compressed class space mapped at: 0x000001b881000000-0x000001b8c1000000, reserved size: 1073741824
Narrow klass base: 0x000001b880000000, Narrow klass shift: 0, Narrow klass range: 0x100000000

GC Precious Log:
 CPUs: 2 total, 2 available
 Memory: 4095M
 Large Page Support: Disabled
 NUMA Support: Disabled
 Compressed Oops: Enabled (32-bit)
 Heap Region Size: 1M
 Heap Min Capacity: 8M
 Heap Initial Capacity: 64M
 Heap Max Capacity: 1G
 Pre-touch: Disabled
 Parallel Workers: 2
 Concurrent Workers: 1
 Concurrent Refinement Workers: 2
 Periodic GC: Disabled

Heap:
 garbage-first heap   total 65536K, used 6955K [0x00000000c0000000, 0x0000000100000000)
  region size 1024K, 5 young (5120K), 1 survivors (1024K)
 Metaspace       used 4113K, committed 4224K, reserved 1114112K
  class space    used 430K, committed 512K, reserved 1048576K

Heap Regions: E=young(eden), S=young(survivor), O=old, HS=humongous(starts), HC=humongous(continues), CS=collection set, F=free, OA=open archive, CA=closed archive, TAMS=top-at-mark-start (previous, next)
|   0|0x00000000c0000000, 0x00000000c0100000, 0x00000000c0100000|100%| O|  |TAMS 0x00000000c0000000, 0x00000000c0000000| Untracked 
|   1|0x00000000c0100000, 0x00000000c0200000, 0x00000000c0200000|100%| O|  |TAMS 0x00000000c0100000, 0x00000000c0100000| Untracked 
|   2|0x00000000c0200000, 0x00000000c0300000, 0x00000000c0300000|100%| O|  |TAMS 0x00000000c0200000, 0x00000000c0200000| Untracked 
|   3|0x00000000c0300000, 0x00000000c037a000, 0x00000000c0400000| 47%| O|  |TAMS 0x00000000c0300000, 0x00000000c0300000| Untracked 
|   4|0x00000000c0400000, 0x00000000c0400000, 0x00000000c0500000|  0%| F|  |TAMS 0x00000000c0400000, 0x00000000c0400000| Untracked 
|   5|0x00000000c0500000, 0x00000000c0500000, 0x00000000c0600000|  0%| F|  |TAMS 0x00000000c0500000, 0x00000000c0500000| Untracked 
|   6|0x00000000c0600000, 0x00000000c0600000, 0x00000000c0700000|  0%| F|  |TAMS 0x00000000c0600000, 0x00000000c0600000| Untracked 
|   7|0x00000000c0700000, 0x00000000c0700000, 0x00000000c0800000|  0%| F|  |TAMS 0x00000000c0700000, 0x00000000c0700000| Untracked 
|   8|0x00000000c0800000, 0x00000000c0800000, 0x00000000c0900000|  0%| F|  |TAMS 0x00000000c0800000, 0x00000000c0800000| Untracked 
|   9|0x00000000c0900000, 0x00000000c0900000, 0x00000000c0a00000|  0%| F|  |TAMS 0x00000000c0900000, 0x00000000c0900000| Untracked 
|  10|0x00000000c0a00000, 0x00000000c0a00000, 0x00000000c0b00000|  0%| F|  |TAMS 0x00000000c0a00000, 0x00000000c0a00000| Untracked 
|  11|0x00000000c0b00000, 0x00000000c0b00000, 0x00000000c0c00000|  0%| F|  |TAMS 0x00000000c0b00000, 0x00000000c0b00000| Untracked 
|  12|0x00000000c0c00000, 0x00000000c0c00000, 0x00000000c0d00000|  0%| F|  |TAMS 0x00000000c0c00000, 0x00000000c0c00000| Untracked 
|  13|0x00000000c0d00000, 0x00000000c0d00000, 0x00000000c0e00000|  0%| F|  |TAMS 0x00000000c0d00000, 0x00000000c0d00000| Untracked 
|  14|0x00000000c0e00000, 0x00000000c0e00000, 0x00000000c0f00000|  0%| F|  |TAMS 0x00000000c0e00000, 0x00000000c0e00000| Untracked 
|  15|0x00000000c0f00000, 0x00000000c0f00000, 0x00000000c1000000|  0%| F|  |TAMS 0x00000000c0f00000, 0x00000000c0f00000| Untracked 
|  16|0x00000000c1000000, 0x00000000c1000000, 0x00000000c1100000|  0%| F|  |TAMS 0x00000000c1000000, 0x00000000c1000000| Untracked 
|  17|0x00000000c1100000, 0x00000000c1100000, 0x00000000c1200000|  0%| F|  |TAMS 0x00000000c1100000, 0x00000000c1100000| Untracked 
|  18|0x00000000c1200000, 0x00000000c1200000, 0x00000000c1300000|  0%| F|  |TAMS 0x00000000c1200000, 0x00000000c1200000| Untracked 
|  19|0x00000000c1300000, 0x00000000c1300000, 0x00000000c1400000|  0%| F|  |TAMS 0x00000000c1300000, 0x00000000c1300000| Untracked 
|  20|0x00000000c1400000, 0x00000000c1400000, 0x00000000c1500000|  0%| F|  |TAMS 0x00000000c1400000, 0x00000000c1400000| Untracked 
|  21|0x00000000c1500000, 0x00000000c1500000, 0x00000000c1600000|  0%| F|  |TAMS 0x00000000c1500000, 0x00000000c1500000| Untracked 
|  22|0x00000000c1600000, 0x00000000c1600000, 0x00000000c1700000|  0%| F|  |TAMS 0x00000000c1600000, 0x00000000c1600000| Untracked 
|  23|0x00000000c1700000, 0x00000000c1700000, 0x00000000c1800000|  0%| F|  |TAMS 0x00000000c1700000, 0x00000000c1700000| Untracked 
|  24|0x00000000c1800000, 0x00000000c1800000, 0x00000000c1900000|  0%| F|  |TAMS 0x00000000c1800000, 0x00000000c1800000| Untracked 
|  25|0x00000000c1900000, 0x00000000c1900000, 0x00000000c1a00000|  0%| F|  |TAMS 0x00000000c1900000, 0x00000000c1900000| Untracked 
|  26|0x00000000c1a00000, 0x00000000c1a00000, 0x00000000c1b00000|  0%| F|  |TAMS 0x00000000c1a00000, 0x00000000c1a00000| Untracked 
|  27|0x00000000c1b00000, 0x00000000c1b00000, 0x00000000c1c00000|  0%| F|  |TAMS 0x00000000c1b00000, 0x00000000c1b00000| Untracked 
|  28|0x00000000c1c00000, 0x00000000c1c00000, 0x00000000c1d00000|  0%| F|  |TAMS 0x00000000c1c00000, 0x00000000c1c00000| Untracked 
|  29|0x00000000c1d00000, 0x00000000c1d00000, 0x00000000c1e00000|  0%| F|  |TAMS 0x00000000c1d00000, 0x00000000c1d00000| Untracked 
|  30|0x00000000c1e00000, 0x00000000c1e00000, 0x00000000c1f00000|  0%| F|  |TAMS 0x00000000c1e00000, 0x00000000c1e00000| Untracked 
|  31|0x00000000c1f00000, 0x00000000c1f00000, 0x00000000c2000000|  0%| F|  |TAMS 0x00000000c1f00000, 0x00000000c1f00000| Untracked 
|  32|0x00000000c2000000, 0x00000000c2000000, 0x00000000c2100000|  0%| F|  |TAMS 0x00000000c2000000, 0x00000000c2000000| Untracked 
|  33|0x00000000c2100000, 0x00000000c2100000, 0x00000000c2200000|  0%| F|  |TAMS 0x00000000c2100000, 0x00000000c2100000| Untracked 
|  34|0x00000000c2200000, 0x00000000c2200000, 0x00000000c2300000|  0%| F|  |TAMS 0x00000000c2200000, 0x00000000c2200000| Untracked 
|  35|0x00000000c2300000, 0x00000000c2300000, 0x00000000c2400000|  0%| F|  |TAMS 0x00000000c2300000, 0x00000000c2300000| Untracked 
|  36|0x00000000c2400000, 0x00000000c2400000, 0x00000000c2500000|  0%| F|  |TAMS 0x00000000c2400000, 0x00000000c2400000| Untracked 
|  37|0x00000000c2500000, 0x00000000c2500000, 0x00000000c2600000|  0%| F|  |TAMS 0x00000000c2500000, 0x00000000c2500000| Untracked 
|  38|0x00000000c2600000, 0x00000000c2600000, 0x00000000c2700000|  0%| F|  |TAMS 0x00000000c2600000, 0x00000000c2600000| Untracked 
|  39|0x00000000c2700000, 0x00000000c2700000, 0x00000000c2800000|  0%| F|  |TAMS 0x00000000c2700000, 0x00000000c2700000| Untracked 
|  40|0x00000000c2800000, 0x00000000c2800000, 0x00000000c2900000|  0%| F|  |TAMS 0x00000000c2800000, 0x00000000c2800000| Untracked 
|  41|0x00000000c2900000, 0x00000000c2900000, 0x00000000c2a00000|  0%| F|  |TAMS 0x00000000c2900000, 0x00000000c2900000| Untracked 
|  42|0x00000000c2a00000, 0x00000000c2a00000, 0x00000000c2b00000|  0%| F|  |TAMS 0x00000000c2a00000, 0x00000000c2a00000| Untracked 
|  43|0x00000000c2b00000, 0x00000000c2b00000, 0x00000000c2c00000|  0%| F|  |TAMS 0x00000000c2b00000, 0x00000000c2b00000| Untracked 
|  44|0x00000000c2c00000, 0x00000000c2c00000, 0x00000000c2d00000|  0%| F|  |TAMS 0x00000000c2c00000, 0x00000000c2c00000| Untracked 
|  45|0x00000000c2d00000, 0x00000000c2d00000, 0x00000000c2e00000|  0%| F|  |TAMS 0x00000000c2d00000, 0x00000000c2d00000| Untracked 
|  46|0x00000000c2e00000, 0x00000000c2e00000, 0x00000000c2f00000|  0%| F|  |TAMS 0x00000000c2e00000, 0x00000000c2e00000| Untracked 
|  47|0x00000000c2f00000, 0x00000000c2f00000, 0x00000000c3000000|  0%| F|  |TAMS 0x00000000c2f00000, 0x00000000c2f00000| Untracked 
|  48|0x00000000c3000000, 0x00000000c3000000, 0x00000000c3100000|  0%| F|  |TAMS 0x00000000c3000000, 0x00000000c3000000| Untracked 
|  49|0x00000000c3100000, 0x00000000c3100000, 0x00000000c3200000|  0%| F|  |TAMS 0x00000000c3100000, 0x00000000c3100000| Untracked 
|  50|0x00000000c3200000, 0x00000000c3200000, 0x00000000c3300000|  0%| F|  |TAMS 0x00000000c3200000, 0x00000000c3200000| Untracked 
|  51|0x00000000c3300000, 0x00000000c3300000, 0x00000000c3400000|  0%| F|  |TAMS 0x00000000c3300000, 0x00000000c3300000| Untracked 
|  52|0x00000000c3400000, 0x00000000c3400000, 0x00000000c3500000|  0%| F|  |TAMS 0x00000000c3400000, 0x00000000c3400000| Untracked 
|  53|0x00000000c3500000, 0x00000000c3500000, 0x00000000c3600000|  0%| F|  |TAMS 0x00000000c3500000, 0x00000000c3500000| Untracked 
|  54|0x00000000c3600000, 0x00000000c3600000, 0x00000000c3700000|  0%| F|  |TAMS 0x00000000c3600000, 0x00000000c3600000| Untracked 
|  55|0x00000000c3700000, 0x00000000c3700000, 0x00000000c3800000|  0%| F|  |TAMS 0x00000000c3700000, 0x00000000c3700000| Untracked 
|  56|0x00000000c3800000, 0x00000000c3800000, 0x00000000c3900000|  0%| F|  |TAMS 0x00000000c3800000, 0x00000000c3800000| Untracked 
|  57|0x00000000c3900000, 0x00000000c3900000, 0x00000000c3a00000|  0%| F|  |TAMS 0x00000000c3900000, 0x00000000c3900000| Untracked 
|  58|0x00000000c3a00000, 0x00000000c3a00000, 0x00000000c3b00000|  0%| F|  |TAMS 0x00000000c3a00000, 0x00000000c3a00000| Untracked 
|  59|0x00000000c3b00000, 0x00000000c3beb600, 0x00000000c3c00000| 91%| E|  |TAMS 0x00000000c3b00000, 0x00000000c3b00000| Complete 
|  60|0x00000000c3c00000, 0x00000000c3d00000, 0x00000000c3d00000|100%| E|CS|TAMS 0x00000000c3c00000, 0x00000000c3c00000| Complete 
|  61|0x00000000c3d00000, 0x00000000c3d50c58, 0x00000000c3e00000| 31%| S|CS|TAMS 0x00000000c3d00000, 0x00000000c3d00000| Complete 
|  62|0x00000000c3e00000, 0x00000000c3f00000, 0x00000000c3f00000|100%| E|CS|TAMS 0x00000000c3e00000, 0x00000000c3e00000| Complete 
|  63|0x00000000c3f00000, 0x00000000c4000000, 0x00000000c4000000|100%| E|CS|TAMS 0x00000000c3f00000, 0x00000000c3f00000| Complete 

Card table byte_map: [0x000001b8ea390000,0x000001b8ea590000] _byte_map_base: 0x000001b8e9d90000

Marking Bits (Prev, Next): (CMBitMap*) 0x000001b8d349dd20, (CMBitMap*) 0x000001b8d349dd60
 Prev Bits: [0x000001b8ea790000, 0x000001b8eb790000)
 Next Bits: [0x000001b8eb790000, 0x000001b8ec790000)

Polling page: 0x000001b8d18f0000

Metaspace:

Usage:
  Non-class:      3.60 MB used.
      Class:    430.97 KB used.
       Both:      4.02 MB used.

Virtual space:
  Non-class space:       64.00 MB reserved,       3.62 MB (  6%) committed,  1 nodes.
      Class space:        1.00 GB reserved,     512.00 KB ( <1%) committed,  1 nodes.
             Both:        1.06 GB reserved,       4.12 MB ( <1%) committed. 

Chunk freelists:
   Non-Class:  10.61 MB
       Class:  15.53 MB
        Both:  26.14 MB

MaxMetaspaceSize: unlimited
CompressedClassSpaceSize: 1.00 GB
Initial GC threshold: 21.00 MB
Current GC threshold: 21.00 MB
CDS: on
MetaspaceReclaimPolicy: balanced
 - commit_granule_bytes: 65536.
 - commit_granule_words: 8192.
 - virtual_space_node_default_size: 8388608.
 - enlarge_chunks_in_place: 1.
 - new_chunks_are_fully_committed: 0.
 - uncommit_free_chunks: 1.
 - use_allocation_guard: 0.
 - handle_deallocations: 1.


Internal statistics:

num_allocs_failed_limit: 0.
num_arena_births: 62.
num_arena_deaths: 0.
num_vsnodes_births: 2.
num_vsnodes_deaths: 0.
num_space_committed: 66.
num_space_uncommitted: 0.
num_chunks_returned_to_freelist: 0.
num_chunks_taken_from_freelist: 143.
num_chunk_merges: 0.
num_chunk_splits: 91.
num_chunks_enlarged: 67.
num_inconsistent_stats: 0.

CodeHeap 'non-profiled nmethods': size=120064Kb used=254Kb max_used=254Kb free=119809Kb
 bounds [0x000001b8e2840000, 0x000001b8e2ab0000, 0x000001b8e9d80000]
CodeHeap 'profiled nmethods': size=120000Kb used=1576Kb max_used=1576Kb free=118423Kb
 bounds [0x000001b8dad80000, 0x000001b8daff0000, 0x000001b8e22b0000]
CodeHeap 'non-nmethods': size=5696Kb used=1138Kb max_used=1153Kb free=4557Kb
 bounds [0x000001b8e22b0000, 0x000001b8e2520000, 0x000001b8e2840000]
 total_blobs=1277 nmethods=850 adapters=341
 compilation: enabled
              stopped_count=0, restarted_count=0
 full_count=0

Compilation events (20 events):
Event: 1.825 Thread 0x000001b8eeb54090  841 %     4       java.lang.StringLatin1::inflate @ 3 (34 bytes)
Event: 1.831 Thread 0x000001b8eeb54090 nmethod 841% 0x000001b8e287ef10 code [0x000001b8e287f0a0, 0x000001b8e287f438]
Event: 1.834 Thread 0x000001b8eeb5a170  842       3       java.security.SecureClassLoader$CodeSourceKey::equals (60 bytes)
Event: 1.834 Thread 0x000001b8eeb5a170 nmethod 842 0x000001b8daf07590 code [0x000001b8daf07780, 0x000001b8daf07e18]
Event: 1.840 Thread 0x000001b8eeb54090  843       4       java.util.zip.ZipFile::ensureOpen (40 bytes)
Event: 1.841 Thread 0x000001b8eeb54090 nmethod 843 0x000001b8e287f590 code [0x000001b8e287f700, 0x000001b8e287f7b8]
Event: 1.858 Thread 0x000001b8eeb5a170  844       3       sun.reflect.generics.parser.SignatureParser::current (59 bytes)
Event: 1.859 Thread 0x000001b8eeb5a170 nmethod 844 0x000001b8daf08010 code [0x000001b8daf08220, 0x000001b8daf088f8]
Event: 1.859 Thread 0x000001b8eeb5a170  845       3       sun.reflect.generics.parser.SignatureParser::advance (53 bytes)
Event: 1.859 Thread 0x000001b8eeb5a170 nmethod 845 0x000001b8daf08b90 code [0x000001b8daf08d40, 0x000001b8daf08f98]
Event: 1.860 Thread 0x000001b8eeb5a170  846       3       java.lang.invoke.MethodHandles$Lookup::<init> (84 bytes)
Event: 1.860 Thread 0x000001b8eeb5a170 nmethod 846 0x000001b8daf09090 code [0x000001b8daf09240, 0x000001b8daf09478]
Event: 1.866 Thread 0x000001b8eeb5a170  847       1       java.util.concurrent.atomic.AtomicInteger::get (5 bytes)
Event: 1.866 Thread 0x000001b8eeb5a170 nmethod 847 0x000001b8e287f890 code [0x000001b8e287fa20, 0x000001b8e287faf8]
Event: 1.866 Thread 0x000001b8eeb5a170  848       3       java.lang.Character::isWhitespace (5 bytes)
Event: 1.866 Thread 0x000001b8eeb5a170 nmethod 848 0x000001b8daf09510 code [0x000001b8daf096c0, 0x000001b8daf09918]
Event: 1.866 Thread 0x000001b8eeb5a170  849       3       java.lang.Character::isWhitespace (9 bytes)
Event: 1.866 Thread 0x000001b8eeb5a170 nmethod 849 0x000001b8daf09a10 code [0x000001b8daf09bc0, 0x000001b8daf09db8]
Event: 1.866 Thread 0x000001b8eeb5a170  850       3       java.lang.CharacterDataLatin1::isWhitespace (23 bytes)
Event: 1.867 Thread 0x000001b8eeb5a170 nmethod 850 0x000001b8daf09e90 code [0x000001b8daf0a040, 0x000001b8daf0a258]

GC Heap History (4 events):
Event: 1.096 GC heap before
{Heap before GC invocations=0 (full 0):
 garbage-first heap   total 65536K, used 5120K [0x00000000c0000000, 0x0000000100000000)
  region size 1024K, 6 young (6144K), 0 survivors (0K)
 Metaspace       used 1536K, committed 1664K, reserved 1114112K
  class space    used 120K, committed 192K, reserved 1048576K
}
Event: 1.101 GC heap after
{Heap after GC invocations=1 (full 0):
 garbage-first heap   total 65536K, used 3398K [0x00000000c0000000, 0x0000000100000000)
  region size 1024K, 1 young (1024K), 1 survivors (1024K)
 Metaspace       used 1536K, committed 1664K, reserved 1114112K
  class space    used 120K, committed 192K, reserved 1048576K
}
Event: 1.428 GC heap before
{Heap before GC invocations=1 (full 0):
 garbage-first heap   total 65536K, used 5446K [0x00000000c0000000, 0x0000000100000000)
  region size 1024K, 3 young (3072K), 1 survivors (1024K)
 Metaspace       used 2711K, committed 2880K, reserved 1114112K
  class space    used 253K, committed 320K, reserved 1048576K
}
Event: 1.431 GC heap after
{Heap after GC invocations=2 (full 0):
 garbage-first heap   total 65536K, used 3883K [0x00000000c0000000, 0x0000000100000000)
  region size 1024K, 1 young (1024K), 1 survivors (1024K)
 Metaspace       used 2711K, committed 2880K, reserved 1114112K
  class space    used 253K, committed 320K, reserved 1048576K
}

Deoptimization events (20 events):
Event: 1.532 Thread 0x000001b8d34626a0 DEOPT PACKING pc=0x000001b8dade170c sp=0x0000001c07dfe1e0
Event: 1.533 Thread 0x000001b8d34626a0 DEOPT UNPACKING pc=0x000001b8e2302b24 sp=0x0000001c07dfd690 mode 0
Event: 1.533 Thread 0x000001b8d34626a0 DEOPT PACKING pc=0x000001b8dadd7c68 sp=0x0000001c07dfe2a0
Event: 1.533 Thread 0x000001b8d34626a0 DEOPT UNPACKING pc=0x000001b8e2302b24 sp=0x0000001c07dfd730 mode 0
Event: 1.617 Thread 0x000001b8d34626a0 Uncommon trap: trap_request=0xffffffbe fr.pc=0x000001b8e287a364 relative=0x0000000000000544
Event: 1.617 Thread 0x000001b8d34626a0 Uncommon trap: reason=profile_predicate action=maybe_recompile pc=0x000001b8e287a364 method=jdk.internal.org.objectweb.asm.ByteVector.putUTF8(Ljava/lang/String;)Ljdk/internal/org/objectweb/asm/ByteVector; @ 79 c2
Event: 1.617 Thread 0x000001b8d34626a0 DEOPT PACKING pc=0x000001b8e287a364 sp=0x0000001c07dfd780
Event: 1.617 Thread 0x000001b8d34626a0 DEOPT UNPACKING pc=0x000001b8e230239d sp=0x0000001c07dfd700 mode 2
Event: 1.617 Thread 0x000001b8d34626a0 Uncommon trap: trap_request=0xffffffbe fr.pc=0x000001b8e287a364 relative=0x0000000000000544
Event: 1.617 Thread 0x000001b8d34626a0 Uncommon trap: reason=profile_predicate action=maybe_recompile pc=0x000001b8e287a364 method=jdk.internal.org.objectweb.asm.ByteVector.putUTF8(Ljava/lang/String;)Ljdk/internal/org/objectweb/asm/ByteVector; @ 79 c2
Event: 1.617 Thread 0x000001b8d34626a0 DEOPT PACKING pc=0x000001b8e287a364 sp=0x0000001c07dfd7f0
Event: 1.617 Thread 0x000001b8d34626a0 DEOPT UNPACKING pc=0x000001b8e230239d sp=0x0000001c07dfd770 mode 2
Event: 1.617 Thread 0x000001b8d34626a0 Uncommon trap: trap_request=0xffffffbe fr.pc=0x000001b8e287a364 relative=0x0000000000000544
Event: 1.617 Thread 0x000001b8d34626a0 Uncommon trap: reason=profile_predicate action=maybe_recompile pc=0x000001b8e287a364 method=jdk.internal.org.objectweb.asm.ByteVector.putUTF8(Ljava/lang/String;)Ljdk/internal/org/objectweb/asm/ByteVector; @ 79 c2
Event: 1.617 Thread 0x000001b8d34626a0 DEOPT PACKING pc=0x000001b8e287a364 sp=0x0000001c07dfd900
Event: 1.617 Thread 0x000001b8d34626a0 DEOPT UNPACKING pc=0x000001b8e230239d sp=0x0000001c07dfd880 mode 2
Event: 1.617 Thread 0x000001b8d34626a0 Uncommon trap: trap_request=0xffffffbe fr.pc=0x000001b8e287a364 relative=0x0000000000000544
Event: 1.617 Thread 0x000001b8d34626a0 Uncommon trap: reason=profile_predicate action=maybe_recompile pc=0x000001b8e287a364 method=jdk.internal.org.objectweb.asm.ByteVector.putUTF8(Ljava/lang/String;)Ljdk/internal/org/objectweb/asm/ByteVector; @ 79 c2
Event: 1.617 Thread 0x000001b8d34626a0 DEOPT PACKING pc=0x000001b8e287a364 sp=0x0000001c07dfd7b0
Event: 1.617 Thread 0x000001b8d34626a0 DEOPT UNPACKING pc=0x000001b8e230239d sp=0x0000001c07dfd730 mode 2

Classes unloaded (0 events):
No events

Classes redefined (0 events):
No events

Internal exceptions (9 events):
Event: 0.673 Thread 0x000001b8eeb44e30 Exception <a 'java/lang/NoSuchMethodError'{0x00000000c3c9b2e8}: 'java.lang.Object java.lang.invoke.DirectMethodHandle$Holder.invokeStaticInit(java.lang.Object, int)'> (0x00000000c3c9b2e8) 
thrown [s\open\src\hotspot\share\interpreter\linkResolver.cpp, line 759]
Event: 0.909 Thread 0x000001b8f3584fc0 Exception <a 'java/lang/NoSuchMethodError'{0x00000000c3a70228}: 'java.lang.Object java.lang.invoke.DirectMethodHandle$Holder.invokeStaticInit(java.lang.Object)'> (0x00000000c3a70228) 
thrown [s\open\src\hotspot\share\interpreter\linkResolver.cpp, line 759]
Event: 1.018 Thread 0x000001b8f3584fc0 Exception <a 'java/lang/NoSuchMethodError'{0x00000000c3a7d758}: 'void java.lang.invoke.DirectMethodHandle$Holder.invokeStatic(java.lang.Object, java.lang.Object)'> (0x00000000c3a7d758) 
thrown [s\open\src\hotspot\share\interpreter\linkResolver.cpp, line 759]
Event: 1.326 Thread 0x000001b8d34626a0 Exception <a 'java/lang/ClassNotFoundException'{0x00000000c3e4ca48}: javax/smartcardio/CardPermission> (0x00000000c3e4ca48) 
thrown [s\open\src\hotspot\share\classfile\systemDictionary.cpp, line 256]
Event: 1.352 Thread 0x000001b8d34626a0 Exception <a 'java/io/FileNotFoundException'{0x00000000c3e5b728}> (0x00000000c3e5b728) 
thrown [s\open\src\hotspot\share\prims\jni.cpp, line 516]
Event: 1.413 Thread 0x000001b8d34626a0 Implicit null exception at 0x000001b8e28588de to 0x000001b8e2859ae0
Event: 1.573 Thread 0x000001b8d34626a0 Exception <a 'java/lang/NoSuchMethodError'{0x00000000c3ffc0a8}: 'void java.lang.invoke.DirectMethodHandle$Holder.invokeStatic(java.lang.Object, java.lang.Object, java.lang.Object, java.lang.Object)'> (0x00000000c3ffc0a8) 
thrown [s\open\src\hotspot\share\interpreter\linkResolver.cpp, line 759]
Event: 1.707 Thread 0x000001b8d34626a0 Exception <a 'java/lang/NoSuchMethodError'{0x00000000c3c157f0}: 'int java.lang.invoke.DirectMethodHandle$Holder.invokeStaticInit(java.lang.Object, java.lang.Object)'> (0x00000000c3c157f0) 
thrown [s\open\src\hotspot\share\interpreter\linkResolver.cpp, line 759]
Event: 1.745 Thread 0x000001b8d34626a0 Exception <a 'java/lang/NoSuchMethodError'{0x00000000c3c58b90}: 'void java.lang.invoke.DirectMethodHandle$Holder.invokeInterface(java.lang.Object, java.lang.Object, java.lang.Object, java.lang.Object)'> (0x00000000c3c58b90) 
thrown [s\open\src\hotspot\share\interpreter\linkResolver.cpp, line 759]

VM Operations (10 events):
Event: 0.357 Executing VM operation: HandshakeAllThreads
Event: 0.357 Executing VM operation: HandshakeAllThreads done
Event: 0.879 Executing VM operation: HandshakeAllThreads
Event: 0.879 Executing VM operation: HandshakeAllThreads done
Event: 1.095 Executing VM operation: G1CollectForAllocation
Event: 1.101 Executing VM operation: G1CollectForAllocation done
Event: 1.180 Executing VM operation: HandshakeAllThreads
Event: 1.180 Executing VM operation: HandshakeAllThreads done
Event: 1.428 Executing VM operation: G1CollectForAllocation
Event: 1.431 Executing VM operation: G1CollectForAllocation done

Events (20 events):
Event: 1.858 loading class sun/reflect/generics/tree/FormalTypeParameter
Event: 1.858 loading class sun/reflect/generics/tree/FormalTypeParameter done
Event: 1.858 loading class sun/reflect/generics/tree/ClassSignature
Event: 1.858 loading class sun/reflect/generics/tree/Signature
Event: 1.858 loading class sun/reflect/generics/tree/Signature done
Event: 1.858 loading class sun/reflect/generics/tree/ClassSignature done
Event: 1.859 loading class java/lang/reflect/TypeVariable
Event: 1.859 loading class java/lang/reflect/TypeVariable done
Event: 1.859 loading class sun/reflect/generics/reflectiveObjects/TypeVariableImpl
Event: 1.859 loading class sun/reflect/generics/reflectiveObjects/LazyReflectiveObjectGenerator
Event: 1.859 loading class sun/reflect/generics/reflectiveObjects/LazyReflectiveObjectGenerator done
Event: 1.859 loading class sun/reflect/generics/reflectiveObjects/TypeVariableImpl done
Event: 1.861 loading class java/lang/reflect/ParameterizedType
Event: 1.861 loading class java/lang/reflect/ParameterizedType done
Event: 1.861 loading class java/lang/reflect/WildcardType
Event: 1.861 loading class java/lang/reflect/WildcardType done
Event: 1.866 loading class sun/reflect/generics/tree/TypeVariableSignature
Event: 1.866 loading class sun/reflect/generics/tree/TypeVariableSignature done
Event: 1.866 loading class sun/reflect/generics/reflectiveObjects/ParameterizedTypeImpl
Event: 1.867 loading class sun/reflect/generics/reflectiveObjects/ParameterizedTypeImpl done


Dynamic libraries:
0x00007ff750dc0000 - 0x00007ff750dd0000 	C:\Program Files\Java\jdk-17\bin\java.exe
0x00007ffc239f0000 - 0x00007ffc23be5000 	C:\Windows\SYSTEM32\ntdll.dll
0x00007ffc236f0000 - 0x00007ffc237ad000 	C:\Windows\System32\KERNEL32.DLL
0x00007ffc215a0000 - 0x00007ffc21868000 	C:\Windows\System32\KERNELBASE.dll
0x00007ffc21470000 - 0x00007ffc21570000 	C:\Windows\System32\ucrtbase.dll
0x00007ffc13880000 - 0x00007ffc13899000 	C:\Program Files\Java\jdk-17\bin\jli.dll
0x00007ffc0f2c0000 - 0x00007ffc0f2db000 	C:\Program Files\Java\jdk-17\bin\VCRUNTIME140.dll
0x00007ffc22a00000 - 0x00007ffc22aac000 	C:\Windows\System32\ADVAPI32.dll
0x00007ffc22690000 - 0x00007ffc2272e000 	C:\Windows\System32\msvcrt.dll
0x00007ffc228f0000 - 0x00007ffc2298b000 	C:\Windows\System32\sechost.dll
0x00007ffc22ab0000 - 0x00007ffc22bdb000 	C:\Windows\System32\RPCRT4.dll
0x00007ffc23470000 - 0x00007ffc23610000 	C:\Windows\System32\USER32.dll
0x00007ffc21570000 - 0x00007ffc21592000 	C:\Windows\System32\win32u.dll
0x00007ffc22be0000 - 0x00007ffc22c0a000 	C:\Windows\System32\GDI32.dll
0x00007ffc21900000 - 0x00007ffc21a0b000 	C:\Windows\System32\gdi32full.dll
0x00007ffc213d0000 - 0x00007ffc2146d000 	C:\Windows\System32\msvcp_win.dll
0x00007ffc1b330000 - 0x00007ffc1b5ca000 	C:\Windows\WinSxS\amd64_microsoft.windows.common-controls_6595b64144ccf1df_6.0.19041.1052_none_60b8f8fd71f5e8cb\COMCTL32.dll
0x00007ffc20d00000 - 0x00007ffc20d0a000 	C:\Windows\SYSTEM32\VERSION.dll
0x00007ffc23980000 - 0x00007ffc239b0000 	C:\Windows\System32\IMM32.DLL
0x00007ffc20d10000 - 0x00007ffc20e07000 	C:\Windows\system32\guard64.dll
0x00007ffc22300000 - 0x00007ffc2242a000 	C:\Windows\System32\ole32.dll
0x00007ffc21fa0000 - 0x00007ffc222f5000 	C:\Windows\System32\combase.dll
0x00007ffc20cf0000 - 0x00007ffc20cfb000 	C:\Windows\system32\fltlib.dll
0x00007ffc22c10000 - 0x00007ffc2334f000 	C:\Windows\System32\shell32.dll
0x00007ffc1e920000 - 0x00007ffc1e92c000 	C:\Program Files\Java\jdk-17\bin\vcruntime140_1.dll
0x00007ffc0de00000 - 0x00007ffc0de8e000 	C:\Program Files\Java\jdk-17\bin\msvcp140.dll
0x00007ffbec2f0000 - 0x00007ffbececf000 	C:\Program Files\Java\jdk-17\bin\server\jvm.dll
0x00007ffc21b20000 - 0x00007ffc21b28000 	C:\Windows\System32\PSAPI.DLL
0x00007ffc139a0000 - 0x00007ffc139a9000 	C:\Windows\SYSTEM32\WSOCK32.dll
0x00007ffc22990000 - 0x00007ffc229fb000 	C:\Windows\System32\WS2_32.dll
0x00007ffc1b620000 - 0x00007ffc1b647000 	C:\Windows\SYSTEM32\WINMM.dll
0x00007ffc1ef80000 - 0x00007ffc1ef92000 	C:\Windows\SYSTEM32\kernel.appcore.dll
0x00007ffc125a0000 - 0x00007ffc125aa000 	C:\Program Files\Java\jdk-17\bin\jimage.dll
0x00007ffc0b110000 - 0x00007ffc0b2f4000 	C:\Windows\SYSTEM32\DBGHELP.DLL
0x00007ffc0aac0000 - 0x00007ffc0aaec000 	C:\Windows\SYSTEM32\dbgcore.DLL
0x00007ffc21870000 - 0x00007ffc218f3000 	C:\Windows\System32\bcryptPrimitives.dll
0x00007ffc126a0000 - 0x00007ffc126ae000 	C:\Program Files\Java\jdk-17\bin\instrument.dll
0x00007ffc0f290000 - 0x00007ffc0f2b5000 	C:\Program Files\Java\jdk-17\bin\java.dll
0x00007ffc0d970000 - 0x00007ffc0da47000 	C:\Program Files\Java\jdk-17\bin\jsvml.dll
0x00007ffc1f180000 - 0x00007ffc1f910000 	C:\Windows\SYSTEM32\windows.storage.dll
0x00007ffc209b0000 - 0x00007ffc209dc000 	C:\Windows\SYSTEM32\Wldp.dll
0x00007ffc22500000 - 0x00007ffc225ae000 	C:\Windows\System32\SHCORE.dll
0x00007ffc21ac0000 - 0x00007ffc21b15000 	C:\Windows\System32\shlwapi.dll
0x00007ffc21070000 - 0x00007ffc2108f000 	C:\Windows\SYSTEM32\profapi.dll
0x00007ffc0df40000 - 0x00007ffc0df58000 	C:\Program Files\Java\jdk-17\bin\zip.dll
0x00007ffc0f070000 - 0x00007ffc0f089000 	C:\Program Files\Java\jdk-17\bin\net.dll
0x00007ffc1a480000 - 0x00007ffc1a58b000 	C:\Windows\SYSTEM32\WINHTTP.dll
0x00007ffc20720000 - 0x00007ffc2078a000 	C:\Windows\system32\mswsock.dll
0x00007ffc0ef20000 - 0x00007ffc0ef36000 	C:\Program Files\Java\jdk-17\bin\nio.dll
0x00007ffc12680000 - 0x00007ffc1269a000 	C:\Program Files\JetBrains\IntelliJ IDEA Community Edition 2023.3.6\bin\breakgen64.dll

dbghelp: loaded successfully - version: 4.0.5 - missing functions: none
symbol engine: initialized successfully - sym options: 0x614 - pdb path: .;C:\Program Files\Java\jdk-17\bin;C:\Windows\SYSTEM32;C:\Windows\WinSxS\amd64_microsoft.windows.common-controls_6595b64144ccf1df_6.0.19041.1052_none_60b8f8fd71f5e8cb;C:\Program Files\Java\jdk-17\bin\server;C:\Program Files\JetBrains\IntelliJ IDEA Community Edition 2023.3.6\bin

VM Arguments:
jvm_args: -javaagent:C:\Program Files\JetBrains\IntelliJ IDEA Community Edition 2023.3.6\lib\idea_rt.jar=9582:C:\Program Files\JetBrains\IntelliJ IDEA Community Edition 2023.3.6\bin -Dfile.encoding=UTF-8 
java_command: org.example.Main
java_class_path (initial): E:\Desktop\Neoflex\NeoflexTest\target\classes;C:\Users\理磬\.m2\repository\org\springframework\boot\spring-boot-devtools\3.1.0\spring-boot-devtools-3.1.0.jar;C:\Users\理磬\.m2\repository\org\springframework\boot\spring-boot\3.1.0\spring-boot-3.1.0.jar;C:\Users\理磬\.m2\repository\org\springframework\spring-context\6.0.9\spring-context-6.0.9.jar;C:\Users\理磬\.m2\repository\org\springframework\boot\spring-boot-autoconfigure\3.1.0\spring-boot-autoconfigure-3.1.0.jar;C:\Users\理磬\.m2\repository\org\projectlombok\lombok\1.18.26\lombok-1.18.26.jar;C:\Users\理磬\.m2\repository\org\springframework\boot\spring-boot-starter\3.1.0\spring-boot-starter-3.1.0.jar;C:\Users\理磬\.m2\repository\org\springframework\boot\spring-boot-starter-logging\3.1.0\spring-boot-starter-logging-3.1.0.jar;C:\Users\理磬\.m2\repository\ch\qos\logback\logback-classic\1.4.7\logback-classic-1.4.7.jar;C:\Users\理磬\.m2\repository\ch\qos\logback\logback-core\1.4.7\logback-core-1.4.7.jar;C:\Users\理磬\.m2\repository\org\apache\logging\log4j\log4j-to-slf4j\2.20.0\log4j-to-slf4j-2.20.0.jar;C:\Users\理磬\.m2\repository\org\apache\logging\log4j\log4j-api\2.20.0\log4j-api-2.20.0.jar;C:\Users\理磬\.m2\repository\org\slf4j\jul-to-slf4j\2.0.7\jul-to-slf4j-2.0.7.jar;C:\Users\理磬\.m2\repository\jakarta\annotation\jakarta.annotation-api\2.1.1\jakarta.annotation-api-2.1.1.jar;C:\Users\理磬\.m2\repository\org\yaml\snakeyaml\1.33\snakeyaml-1.33.jar;C:\Users\理磬\.m2\repository\org\slf4j\slf4j-api\2.0.7\slf4j-api-2.0.7.jar;C:\Users\理磬\.m2\repository\org\springframework\spring-core\6.0.9\spring-core-6.0.9.jar;C:\Users\理磬\.m2\repository\org\springframework\spring-jcl\6.0.9\spring-jcl-6.0.9.jar;C:\Users\理磬\.m2\repository\org\springframework\boot\spring-boot-starter-web\3.1.0\spring-boot-starter-web-3.1.0.jar;C:\Users\理磬\.m2\repository\org\springframework\boot\spring-boot-starter-json\3.1.0\spring-boot-starter-json-3.1.0.jar;C:\Users\理磬\.m2\repository\com\fasterxml\jackson\core\jacks
Launcher Type: SUN_STANDARD

[Global flags]
     intx CICompilerCount                          = 2                                         {product} {ergonomic}
     uint ConcGCThreads                            = 1                                         {product} {ergonomic}
     uint G1ConcRefinementThreads                  = 2                                         {product} {ergonomic}
   size_t G1HeapRegionSize                         = 1048576                                   {product} {ergonomic}
    uintx GCDrainStackTargetSize                   = 64                                        {product} {ergonomic}
   size_t InitialHeapSize                          = 67108864                                  {product} {ergonomic}
   size_t MarkStackSize                            = 4194304                                   {product} {ergonomic}
   size_t MaxHeapSize                              = 1073741824                                {product} {ergonomic}
   size_t MaxNewSize                               = 643825664                                 {product} {ergonomic}
   size_t MinHeapDeltaBytes                        = 1048576                                   {product} {ergonomic}
   size_t MinHeapSize                              = 8388608                                   {product} {ergonomic}
    uintx NonNMethodCodeHeapSize                   = 5826188                                {pd product} {ergonomic}
    uintx NonProfiledCodeHeapSize                  = 122916026                              {pd product} {ergonomic}
    uintx ProfiledCodeHeapSize                     = 122916026                              {pd product} {ergonomic}
    uintx ReservedCodeCacheSize                    = 251658240                              {pd product} {ergonomic}
     bool SegmentedCodeCache                       = true                                      {product} {ergonomic}
   size_t SoftMaxHeapSize                          = 1073741824                             {manageable} {ergonomic}
     bool UseCompressedClassPointers               = true                           {product lp64_product} {ergonomic}
     bool UseCompressedOops                        = true                           {product lp64_product} {ergonomic}
     bool UseG1GC                                  = true                                      {product} {ergonomic}
     bool UseLargePagesIndividualAllocation        = false                                  {pd product} {ergonomic}

Logging:
Log output configuration:
 #0: stdout all=warning uptime,level,tags
 #1: stderr all=off uptime,level,tags

Environment Variables:
PATH=C:\Program Files\Common Files\Oracle\Java\javapath;C:\Windows\system32;C:\Windows;C:\Windows\System32\Wbem;C:\Windows\System32\WindowsPowerShell\v1.0\;C:\Program Files\Git\cmd;C:\Users\理磬\AppData\Local\Microsoft\WindowsApps;C:\Users\理磬\AppData\Local\Programs\Microsoft VS Code\bin;C:\flutter_windows_3.19.3-stable\flutter\bin;
USERNAME=理磬
OS=Windows_NT
PROCESSOR_IDENTIFIER=AMD64 Family 16 Model 6 Stepping 2, AuthenticAMD



---------------  S Y S T E M  ---------------

OS:
 Windows 10 , 64 bit Build 19041 (10.0.19041.1023)
OS uptime: 0 days 2:49 hours

CPU: total 2 (initial active 2) (2 cores per cpu, 1 threads per core) family 16 model 6 stepping 2 microcode 0x0, cx8, cmov, fxsr, mmx, 3dnowpref, sse, sse2, sse3, sse4a, popcnt, lzcnt, tsc, tscinvbit, clflush

Memory: 4k page, system-wide physical 4095M (133M free)
TotalPageFile size 4095M (AvailPageFile size 3M)
current process WorkingSet (physical memory assigned to process): 59M, peak: 59M
current process commit charge ("private bytes"): 144M, peak: 144M

vm_info: Java HotSpot(TM) 64-Bit Server VM (17.0.10+11-LTS-240) for windows-amd64 JRE (17.0.10+11-LTS-240), built on Dec 19 2023 21:47:25 by "mach5one" with MS VC++ 17.1 (VS2022)

END.
