#
# There is insufficient memory for the Java Runtime Environment to continue.
# Native memory allocation (mmap) failed to map 1048576 bytes for G1 virtual space
# Possible reasons:
#   The system is out of physical RAM or swap space
#   The process is running with CompressedOops enabled, and the Java Heap may be blocking the growth of the native heap
# Possible solutions:
#   Reduce memory load on the system
#   Increase physical memory or swap space
#   Check if swap backing store is full
#   Decrease Java heap size (-Xmx/-Xms)
#   Decrease number of Java threads
#   Decrease Java thread stack sizes (-Xss)
#   Set larger code cache with -XX:ReservedCodeCacheSize=
#   JVM is running with Unscaled Compressed Oops mode in which the Java heap is
#     placed in the first 4GB address space. The Java Heap base address is the
#     maximum limit for the native heap growth. Please use -XX:HeapBaseMinAddress
#     to set the Java Heap base and to place the Java Heap above 4GB virtual address.
# This output file may be truncated or incomplete.
#
#  Out of Memory Error (os_windows.cpp:3548), pid=3008, tid=5772
#
# JRE version:  (17.0.10+11) (build )
# Java VM: Java HotSpot(TM) 64-Bit Server VM (17.0.10+11-LTS-240, mixed mode, sharing, tiered, compressed oops, compressed class ptrs, g1 gc, windows-amd64)
# No core dump will be written. Minidumps are not enabled by default on client versions of Windows
#

---------------  S U M M A R Y ------------

Command Line: -javaagent:C:\Program Files\JetBrains\IntelliJ IDEA Community Edition 2023.3.6\lib\idea_rt.jar=9585:C:\Program Files\JetBrains\IntelliJ IDEA Community Edition 2023.3.6\bin -Dfile.encoding=UTF-8 org.example.Main

Host: AMD Athlon(tm) II X2 250 Processor, 2 cores, 3G,  Windows 10 , 64 bit Build 19041 (10.0.19041.1023)
Time: Sat Mar 23 17:09:55 2024  Windows 10 , 64 bit Build 19041 (10.0.19041.1023) elapsed time: 0.052814 seconds (0d 0h 0m 0s)

---------------  T H R E A D  ---------------

Current thread (0x0000029e4356cad0):  JavaThread "Unknown thread" [_thread_in_vm, id=5772, stack(0x000000bb4de00000,0x000000bb4df00000)]

Stack: [0x000000bb4de00000,0x000000bb4df00000]
Native frames: (J=compiled Java code, j=interpreted, Vv=VM code, C=native code)
V  [jvm.dll+0x677a5a]
V  [jvm.dll+0x7d8b2d]
V  [jvm.dll+0x7da48e]
V  [jvm.dll+0x7daaf3]
V  [jvm.dll+0x2455ff]
V  [jvm.dll+0x6749b9]
V  [jvm.dll+0x669382]
V  [jvm.dll+0x302e96]
V  [jvm.dll+0x30a416]
V  [jvm.dll+0x359ce8]
V  [jvm.dll+0x359eef]
V  [jvm.dll+0x2d9e88]
V  [jvm.dll+0x2dadf4]
V  [jvm.dll+0x7aa551]
V  [jvm.dll+0x367911]
V  [jvm.dll+0x789639]
V  [jvm.dll+0x3eb30f]
V  [jvm.dll+0x3ecd91]
C  [jli.dll+0x5297]
C  [ucrtbase.dll+0x21bb2]
C  [KERNEL32.DLL+0x17034]
C  [ntdll.dll+0x52651]


---------------  P R O C E S S  ---------------

Threads class SMR info:
_java_thread_list=0x00007ffbecda6a18, length=0, elements={
}

Java Threads: ( => current thread )

Other Threads:
  0x0000029e435a7c30 GCTaskThread "GC Thread#0" [stack: 0x000000bb4df00000,0x000000bb4e000000] [id=7032]
  0x0000029e435b0b80 ConcurrentGCThread "G1 Main Marker" [stack: 0x000000bb4e000000,0x000000bb4e100000] [id=3992]
  0x0000029e435b1590 ConcurrentGCThread "G1 Conc#0" [stack: 0x000000bb4e100000,0x000000bb4e200000] [id=5776]

[error occurred during error reporting (printing all threads), id 0xc0000005, EXCEPTION_ACCESS_VIOLATION (0xc0000005) at pc=0x00007ffbec5daae7]

VM state: not at safepoint (not fully initialized)

VM Mutex/Monitor currently owned by a thread:  ([mutex/lock_event])
[0x0000029e4356a7e0] Heap_lock - owner thread: 0x0000029e4356cad0

Heap address: 0x00000000c0000000, size: 1024 MB, Compressed Oops mode: 32-bit

CDS archive(s) mapped at: [0x0000000000000000-0x0000000000000000-0x0000000000000000), size 0, SharedBaseAddress: 0x0000000800000000, ArchiveRelocationMode: 1.
Narrow klass base: 0x0000000000000000, Narrow klass shift: 0, Narrow klass range: 0x0

GC Precious Log:
<Empty>

Heap:
 garbage-first heap   total 0K, used 0K [0x00000000c0000000, 0x0000000100000000)
  region size 1024K, 0 young (0K), 0 survivors (0K)

[error occurred during error reporting (printing heap information), id 0xc0000005, EXCEPTION_ACCESS_VIOLATION (0xc0000005) at pc=0x00007ffbec9c1249]

GC Heap History (0 events):
No events

Deoptimization events (0 events):
No events

Classes unloaded (0 events):
No events

Classes redefined (0 events):
No events

Internal exceptions (0 events):
No events

VM Operations (0 events):
No events

Events (1 events):
Event: 0.029 Loaded shared library C:\Program Files\Java\jdk-17\bin\java.dll


Dynamic libraries:
0x00007ff750dc0000 - 0x00007ff750dd0000 	C:\Program Files\Java\jdk-17\bin\java.exe
0x00007ffc239f0000 - 0x00007ffc23be5000 	C:\Windows\SYSTEM32\ntdll.dll
0x00007ffc236f0000 - 0x00007ffc237ad000 	C:\Windows\System32\KERNEL32.DLL
0x00007ffc215a0000 - 0x00007ffc21868000 	C:\Windows\System32\KERNELBASE.dll
0x00007ffc21470000 - 0x00007ffc21570000 	C:\Windows\System32\ucrtbase.dll
0x00007ffc0f2c0000 - 0x00007ffc0f2db000 	C:\Program Files\Java\jdk-17\bin\VCRUNTIME140.dll
0x00007ffc13880000 - 0x00007ffc13899000 	C:\Program Files\Java\jdk-17\bin\jli.dll
0x00007ffc22a00000 - 0x00007ffc22aac000 	C:\Windows\System32\ADVAPI32.dll
0x00007ffc22690000 - 0x00007ffc2272e000 	C:\Windows\System32\msvcrt.dll
0x00007ffc228f0000 - 0x00007ffc2298b000 	C:\Windows\System32\sechost.dll
0x00007ffc22ab0000 - 0x00007ffc22bdb000 	C:\Windows\System32\RPCRT4.dll
0x00007ffc23470000 - 0x00007ffc23610000 	C:\Windows\System32\USER32.dll
0x00007ffc21570000 - 0x00007ffc21592000 	C:\Windows\System32\win32u.dll
0x00007ffc22be0000 - 0x00007ffc22c0a000 	C:\Windows\System32\GDI32.dll
0x00007ffc21900000 - 0x00007ffc21a0b000 	C:\Windows\System32\gdi32full.dll
0x00007ffc213d0000 - 0x00007ffc2146d000 	C:\Windows\System32\msvcp_win.dll
0x00007ffc1b330000 - 0x00007ffc1b5ca000 	C:\Windows\WinSxS\amd64_microsoft.windows.common-controls_6595b64144ccf1df_6.0.19041.1052_none_60b8f8fd71f5e8cb\COMCTL32.dll
0x00007ffc20d00000 - 0x00007ffc20d0a000 	C:\Windows\SYSTEM32\VERSION.dll
0x00007ffc23980000 - 0x00007ffc239b0000 	C:\Windows\System32\IMM32.DLL
0x00007ffc20d10000 - 0x00007ffc20e07000 	C:\Windows\system32\guard64.dll
0x00007ffc22300000 - 0x00007ffc2242a000 	C:\Windows\System32\ole32.dll
0x00007ffc21fa0000 - 0x00007ffc222f5000 	C:\Windows\System32\combase.dll
0x00007ffc20cf0000 - 0x00007ffc20cfb000 	C:\Windows\system32\fltlib.dll
0x00007ffc22c10000 - 0x00007ffc2334f000 	C:\Windows\System32\shell32.dll
0x00007ffc1e920000 - 0x00007ffc1e92c000 	C:\Program Files\Java\jdk-17\bin\vcruntime140_1.dll
0x00007ffc0de00000 - 0x00007ffc0de8e000 	C:\Program Files\Java\jdk-17\bin\msvcp140.dll
0x00007ffbec2f0000 - 0x00007ffbececf000 	C:\Program Files\Java\jdk-17\bin\server\jvm.dll
0x00007ffc21b20000 - 0x00007ffc21b28000 	C:\Windows\System32\PSAPI.DLL
0x00007ffc139a0000 - 0x00007ffc139a9000 	C:\Windows\SYSTEM32\WSOCK32.dll
0x00007ffc22990000 - 0x00007ffc229fb000 	C:\Windows\System32\WS2_32.dll
0x00007ffc1b620000 - 0x00007ffc1b647000 	C:\Windows\SYSTEM32\WINMM.dll
0x00007ffc1ef80000 - 0x00007ffc1ef92000 	C:\Windows\SYSTEM32\kernel.appcore.dll
0x00007ffc125a0000 - 0x00007ffc125aa000 	C:\Program Files\Java\jdk-17\bin\jimage.dll
0x00007ffc0b110000 - 0x00007ffc0b2f4000 	C:\Windows\SYSTEM32\DBGHELP.DLL
0x00007ffc0aac0000 - 0x00007ffc0aaec000 	C:\Windows\SYSTEM32\dbgcore.DLL
0x00007ffc21870000 - 0x00007ffc218f3000 	C:\Windows\System32\bcryptPrimitives.dll
0x00007ffc12690000 - 0x00007ffc1269e000 	C:\Program Files\Java\jdk-17\bin\instrument.dll
0x00007ffc0f290000 - 0x00007ffc0f2b5000 	C:\Program Files\Java\jdk-17\bin\java.dll

dbghelp: loaded successfully - version: 4.0.5 - missing functions: none
symbol engine: initialized successfully - sym options: 0x614 - pdb path: .;C:\Program Files\Java\jdk-17\bin;C:\Windows\SYSTEM32;C:\Windows\WinSxS\amd64_microsoft.windows.common-controls_6595b64144ccf1df_6.0.19041.1052_none_60b8f8fd71f5e8cb;C:\Program Files\Java\jdk-17\bin\server

VM Arguments:
jvm_args: -javaagent:C:\Program Files\JetBrains\IntelliJ IDEA Community Edition 2023.3.6\lib\idea_rt.jar=9585:C:\Program Files\JetBrains\IntelliJ IDEA Community Edition 2023.3.6\bin -Dfile.encoding=UTF-8 
java_command: org.example.Main
java_class_path (initial): E:\Desktop\Neoflex\NeoflexTest\target\classes;C:\Users\理磬\.m2\repository\org\springframework\boot\spring-boot-devtools\3.1.0\spring-boot-devtools-3.1.0.jar;C:\Users\理磬\.m2\repository\org\springframework\boot\spring-boot\3.1.0\spring-boot-3.1.0.jar;C:\Users\理磬\.m2\repository\org\springframework\spring-context\6.0.9\spring-context-6.0.9.jar;C:\Users\理磬\.m2\repository\org\springframework\boot\spring-boot-autoconfigure\3.1.0\spring-boot-autoconfigure-3.1.0.jar;C:\Users\理磬\.m2\repository\org\projectlombok\lombok\1.18.26\lombok-1.18.26.jar;C:\Users\理磬\.m2\repository\org\springframework\boot\spring-boot-starter\3.1.0\spring-boot-starter-3.1.0.jar;C:\Users\理磬\.m2\repository\org\springframework\boot\spring-boot-starter-logging\3.1.0\spring-boot-starter-logging-3.1.0.jar;C:\Users\理磬\.m2\repository\ch\qos\logback\logback-classic\1.4.7\logback-classic-1.4.7.jar;C:\Users\理磬\.m2\repository\ch\qos\logback\logback-core\1.4.7\logback-core-1.4.7.jar;C:\Users\理磬\.m2\repository\org\apache\logging\log4j\log4j-to-slf4j\2.20.0\log4j-to-slf4j-2.20.0.jar;C:\Users\理磬\.m2\repository\org\apache\logging\log4j\log4j-api\2.20.0\log4j-api-2.20.0.jar;C:\Users\理磬\.m2\repository\org\slf4j\jul-to-slf4j\2.0.7\jul-to-slf4j-2.0.7.jar;C:\Users\理磬\.m2\repository\jakarta\annotation\jakarta.annotation-api\2.1.1\jakarta.annotation-api-2.1.1.jar;C:\Users\理磬\.m2\repository\org\yaml\snakeyaml\1.33\snakeyaml-1.33.jar;C:\Users\理磬\.m2\repository\org\slf4j\slf4j-api\2.0.7\slf4j-api-2.0.7.jar;C:\Users\理磬\.m2\repository\org\springframework\spring-core\6.0.9\spring-core-6.0.9.jar;C:\Users\理磬\.m2\repository\org\springframework\spring-jcl\6.0.9\spring-jcl-6.0.9.jar;C:\Users\理磬\.m2\repository\org\springframework\boot\spring-boot-starter-web\3.1.0\spring-boot-starter-web-3.1.0.jar;C:\Users\理磬\.m2\repository\org\springframework\boot\spring-boot-starter-json\3.1.0\spring-boot-starter-json-3.1.0.jar;C:\Users\理磬\.m2\repository\com\fasterxml\jackson\core\jacks
Launcher Type: SUN_STANDARD

[Global flags]
     intx CICompilerCount                          = 2                                         {product} {ergonomic}
     uint ConcGCThreads                            = 1                                         {product} {ergonomic}
     uint G1ConcRefinementThreads                  = 2                                         {product} {ergonomic}
   size_t G1HeapRegionSize                         = 1048576                                   {product} {ergonomic}
    uintx GCDrainStackTargetSize                   = 64                                        {product} {ergonomic}
   size_t InitialHeapSize                          = 67108864                                  {product} {ergonomic}
   size_t MarkStackSize                            = 4194304                                   {product} {ergonomic}
   size_t MaxHeapSize                              = 1073741824                                {product} {ergonomic}
   size_t MinHeapDeltaBytes                        = 1048576                                   {product} {ergonomic}
   size_t MinHeapSize                              = 8388608                                   {product} {ergonomic}
    uintx NonNMethodCodeHeapSize                   = 5826188                                {pd product} {ergonomic}
    uintx NonProfiledCodeHeapSize                  = 122916026                              {pd product} {ergonomic}
    uintx ProfiledCodeHeapSize                     = 122916026                              {pd product} {ergonomic}
    uintx ReservedCodeCacheSize                    = 251658240                              {pd product} {ergonomic}
     bool SegmentedCodeCache                       = true                                      {product} {ergonomic}
   size_t SoftMaxHeapSize                          = 1073741824                             {manageable} {ergonomic}
     bool UseCompressedClassPointers               = true                           {product lp64_product} {ergonomic}
     bool UseCompressedOops                        = true                           {product lp64_product} {ergonomic}
     bool UseG1GC                                  = true                                      {product} {ergonomic}
     bool UseLargePagesIndividualAllocation        = false                                  {pd product} {ergonomic}

Logging:
Log output configuration:
 #0: stdout all=warning uptime,level,tags
 #1: stderr all=off uptime,level,tags

Environment Variables:
PATH=C:\Program Files\Common Files\Oracle\Java\javapath;C:\Windows\system32;C:\Windows;C:\Windows\System32\Wbem;C:\Windows\System32\WindowsPowerShell\v1.0\;C:\Program Files\Git\cmd;C:\Users\理磬\AppData\Local\Microsoft\WindowsApps;C:\Users\理磬\AppData\Local\Programs\Microsoft VS Code\bin;C:\flutter_windows_3.19.3-stable\flutter\bin;
USERNAME=理磬
OS=Windows_NT
PROCESSOR_IDENTIFIER=AMD64 Family 16 Model 6 Stepping 2, AuthenticAMD



---------------  S Y S T E M  ---------------

OS:
 Windows 10 , 64 bit Build 19041 (10.0.19041.1023)
OS uptime: 0 days 2:50 hours

CPU: total 2 (initial active 2) (2 cores per cpu, 1 threads per core) family 16 model 6 stepping 2 microcode 0x0, cx8, cmov, fxsr, mmx, 3dnowpref, sse, sse2, sse3, sse4a, popcnt, lzcnt, tsc, tscinvbit, clflush

Memory: 4k page, system-wide physical 4095M (111M free)
TotalPageFile size 4095M (AvailPageFile size 5M)
current process WorkingSet (physical memory assigned to process): 12M, peak: 12M
current process commit charge ("private bytes"): 113M, peak: 114M

vm_info: Java HotSpot(TM) 64-Bit Server VM (17.0.10+11-LTS-240) for windows-amd64 JRE (17.0.10+11-LTS-240), built on Dec 19 2023 21:47:25 by "mach5one" with MS VC++ 17.1 (VS2022)

END.
